<?xml version="1.0" encoding="UTF-8"?>
<testsuite xmlns:xsi="http://www.w3.org/2001/XMLSchema-instance" xsi:noNamespaceSchemaLocation="https://maven.apache.org/surefire/maven-surefire-plugin/xsd/surefire-test-report.xsd" name="TimeTests" time="0.077" tests="6" errors="0" skipped="0" failures="0">
  <properties>
    <property name="sun.desktop" value="gnome"/>
    <property name="awt.toolkit" value="sun.awt.X11.XToolkit"/>
    <property name="java.specification.version" value="11"/>
    <property name="sun.cpu.isalist" value=""/>
    <property name="sun.jnu.encoding" value="UTF-8"/>
    <property name="java.class.path" value="/home/samuel/IdeaProjects/date-time-kt/datetimekt/target/test-classes:/home/samuel/IdeaProjects/date-time-kt/datetimekt/target/classes:/home/samuel/.m2/repository/org/jetbrains/kotlin/kotlin-stdlib-jdk8/1.3.31/kotlin-stdlib-jdk8-1.3.31.jar:/home/samuel/.m2/repository/org/jetbrains/kotlin/kotlin-stdlib/1.3.31/kotlin-stdlib-1.3.31.jar:/home/samuel/.m2/repository/org/jetbrains/kotlin/kotlin-stdlib-common/1.3.31/kotlin-stdlib-common-1.3.31.jar:/home/samuel/.m2/repository/org/jetbrains/annotations/13.0/annotations-13.0.jar:/home/samuel/.m2/repository/org/jetbrains/kotlin/kotlin-stdlib-jdk7/1.3.31/kotlin-stdlib-jdk7-1.3.31.jar:/home/samuel/.m2/repository/org/jetbrains/kotlin/kotlin-test/1.3.31/kotlin-test-1.3.31.jar:/home/samuel/.m2/repository/org/jetbrains/kotlin/kotlin-test-common/1.3.31/kotlin-test-common-1.3.31.jar:/home/samuel/.m2/repository/io/kotlintest/kotlintest-runner-junit5/3.3.2/kotlintest-runner-junit5-3.3.2.jar:/home/samuel/.m2/repository/io/kotlintest/kotlintest-core/3.3.2/kotlintest-core-3.3.2.jar:/home/samuel/.m2/repository/org/slf4j/slf4j-api/1.7.25/slf4j-api-1.7.25.jar:/home/samuel/.m2/repository/org/jetbrains/kotlin/kotlin-reflect/1.3.21/kotlin-reflect-1.3.21.jar:/home/samuel/.m2/repository/org/jetbrains/kotlinx/kotlinx-coroutines-core/1.1.1/kotlinx-coroutines-core-1.1.1.jar:/home/samuel/.m2/repository/org/jetbrains/kotlinx/kotlinx-coroutines-core-common/1.1.1/kotlinx-coroutines-core-common-1.1.1.jar:/home/samuel/.m2/repository/io/kotlintest/kotlintest-assertions/3.3.2/kotlintest-assertions-3.3.2.jar:/home/samuel/.m2/repository/com/univocity/univocity-parsers/2.8.1/univocity-parsers-2.8.1.jar:/home/samuel/.m2/repository/com/github/wumpz/diffutils/2.2/diffutils-2.2.jar:/home/samuel/.m2/repository/org/eclipse/jgit/org.eclipse.jgit/4.4.1.201607150455-r/org.eclipse.jgit-4.4.1.201607150455-r.jar:/home/samuel/.m2/repository/io/kotlintest/kotlintest-runner-jvm/3.3.2/kotlintest-runner-jvm-3.3.2.jar:/home/samuel/.m2/repository/io/kotlintest/kotlintest-extensions/3.3.2/kotlintest-extensions-3.3.2.jar:/home/samuel/.m2/repository/commons-io/commons-io/2.6/commons-io-2.6.jar:/home/samuel/.m2/repository/io/mockk/mockk/1.9.1/mockk-1.9.1.jar:/home/samuel/.m2/repository/io/mockk/mockk-common/1.9.1/mockk-common-1.9.1.jar:/home/samuel/.m2/repository/io/mockk/mockk-dsl/1.9.1/mockk-dsl-1.9.1.jar:/home/samuel/.m2/repository/io/mockk/mockk-dsl-jvm/1.9.1/mockk-dsl-jvm-1.9.1.jar:/home/samuel/.m2/repository/io/mockk/mockk-agent-jvm/1.9.1/mockk-agent-jvm-1.9.1.jar:/home/samuel/.m2/repository/io/mockk/mockk-agent-api/1.9.1/mockk-agent-api-1.9.1.jar:/home/samuel/.m2/repository/io/mockk/mockk-agent-common/1.9.1/mockk-agent-common-1.9.1.jar:/home/samuel/.m2/repository/org/objenesis/objenesis/2.6/objenesis-2.6.jar:/home/samuel/.m2/repository/net/bytebuddy/byte-buddy/1.9.3/byte-buddy-1.9.3.jar:/home/samuel/.m2/repository/net/bytebuddy/byte-buddy-agent/1.9.3/byte-buddy-agent-1.9.3.jar:/home/samuel/.m2/repository/io/github/classgraph/classgraph/4.8.1/classgraph-4.8.1.jar:/home/samuel/.m2/repository/io/arrow-kt/arrow-core/0.8.2/arrow-core-0.8.2.jar:/home/samuel/.m2/repository/io/arrow-kt/arrow-annotations/0.8.2/arrow-annotations-0.8.2.jar:/home/samuel/.m2/repository/io/kindedj/kindedj/1.1.0/kindedj-1.1.0.jar:/home/samuel/.m2/repository/org/junit/platform/junit-platform-engine/1.4.0/junit-platform-engine-1.4.0.jar:/home/samuel/.m2/repository/org/apiguardian/apiguardian-api/1.0.0/apiguardian-api-1.0.0.jar:/home/samuel/.m2/repository/org/opentest4j/opentest4j/1.1.1/opentest4j-1.1.1.jar:/home/samuel/.m2/repository/org/junit/platform/junit-platform-commons/1.4.0/junit-platform-commons-1.4.0.jar:/home/samuel/.m2/repository/org/junit/platform/junit-platform-suite-api/1.4.0/junit-platform-suite-api-1.4.0.jar:/home/samuel/.m2/repository/org/junit/platform/junit-platform-launcher/1.4.0/junit-platform-launcher-1.4.0.jar:"/>
    <property name="java.vm.vendor" value="Oracle Corporation"/>
    <property name="sun.arch.data.model" value="64"/>
    <property name="java.vendor.url" value="http://java.oracle.com/"/>
    <property name="user.timezone" value=""/>
    <property name="java.vm.specification.version" value="11"/>
    <property name="os.name" value="Linux"/>
    <property name="sun.java.launcher" value="SUN_STANDARD"/>
    <property name="user.country" value="NO"/>
    <property name="sun.boot.library.path" value="/usr/lib/jvm/java-11-openjdk/lib"/>
    <property name="sun.java.command" value="/home/samuel/IdeaProjects/date-time-kt/datetimekt/target/surefire/surefirebooter15624950267503644768.jar /home/samuel/IdeaProjects/date-time-kt/datetimekt/target/surefire 2019-05-22T20-02-12_705-jvmRun1 surefire8080220197779443781tmp surefire_012021197539741909627tmp"/>
    <property name="jdk.debug" value="release"/>
    <property name="surefire.test.class.path" value="/home/samuel/IdeaProjects/date-time-kt/datetimekt/target/test-classes:/home/samuel/IdeaProjects/date-time-kt/datetimekt/target/classes:/home/samuel/.m2/repository/org/jetbrains/kotlin/kotlin-stdlib-jdk8/1.3.31/kotlin-stdlib-jdk8-1.3.31.jar:/home/samuel/.m2/repository/org/jetbrains/kotlin/kotlin-stdlib/1.3.31/kotlin-stdlib-1.3.31.jar:/home/samuel/.m2/repository/org/jetbrains/kotlin/kotlin-stdlib-common/1.3.31/kotlin-stdlib-common-1.3.31.jar:/home/samuel/.m2/repository/org/jetbrains/annotations/13.0/annotations-13.0.jar:/home/samuel/.m2/repository/org/jetbrains/kotlin/kotlin-stdlib-jdk7/1.3.31/kotlin-stdlib-jdk7-1.3.31.jar:/home/samuel/.m2/repository/org/jetbrains/kotlin/kotlin-test/1.3.31/kotlin-test-1.3.31.jar:/home/samuel/.m2/repository/org/jetbrains/kotlin/kotlin-test-common/1.3.31/kotlin-test-common-1.3.31.jar:/home/samuel/.m2/repository/io/kotlintest/kotlintest-runner-junit5/3.3.2/kotlintest-runner-junit5-3.3.2.jar:/home/samuel/.m2/repository/io/kotlintest/kotlintest-core/3.3.2/kotlintest-core-3.3.2.jar:/home/samuel/.m2/repository/org/slf4j/slf4j-api/1.7.25/slf4j-api-1.7.25.jar:/home/samuel/.m2/repository/org/jetbrains/kotlin/kotlin-reflect/1.3.21/kotlin-reflect-1.3.21.jar:/home/samuel/.m2/repository/org/jetbrains/kotlinx/kotlinx-coroutines-core/1.1.1/kotlinx-coroutines-core-1.1.1.jar:/home/samuel/.m2/repository/org/jetbrains/kotlinx/kotlinx-coroutines-core-common/1.1.1/kotlinx-coroutines-core-common-1.1.1.jar:/home/samuel/.m2/repository/io/kotlintest/kotlintest-assertions/3.3.2/kotlintest-assertions-3.3.2.jar:/home/samuel/.m2/repository/com/univocity/univocity-parsers/2.8.1/univocity-parsers-2.8.1.jar:/home/samuel/.m2/repository/com/github/wumpz/diffutils/2.2/diffutils-2.2.jar:/home/samuel/.m2/repository/org/eclipse/jgit/org.eclipse.jgit/4.4.1.201607150455-r/org.eclipse.jgit-4.4.1.201607150455-r.jar:/home/samuel/.m2/repository/io/kotlintest/kotlintest-runner-jvm/3.3.2/kotlintest-runner-jvm-3.3.2.jar:/home/samuel/.m2/repository/io/kotlintest/kotlintest-extensions/3.3.2/kotlintest-extensions-3.3.2.jar:/home/samuel/.m2/repository/commons-io/commons-io/2.6/commons-io-2.6.jar:/home/samuel/.m2/repository/io/mockk/mockk/1.9.1/mockk-1.9.1.jar:/home/samuel/.m2/repository/io/mockk/mockk-common/1.9.1/mockk-common-1.9.1.jar:/home/samuel/.m2/repository/io/mockk/mockk-dsl/1.9.1/mockk-dsl-1.9.1.jar:/home/samuel/.m2/repository/io/mockk/mockk-dsl-jvm/1.9.1/mockk-dsl-jvm-1.9.1.jar:/home/samuel/.m2/repository/io/mockk/mockk-agent-jvm/1.9.1/mockk-agent-jvm-1.9.1.jar:/home/samuel/.m2/repository/io/mockk/mockk-agent-api/1.9.1/mockk-agent-api-1.9.1.jar:/home/samuel/.m2/repository/io/mockk/mockk-agent-common/1.9.1/mockk-agent-common-1.9.1.jar:/home/samuel/.m2/repository/org/objenesis/objenesis/2.6/objenesis-2.6.jar:/home/samuel/.m2/repository/net/bytebuddy/byte-buddy/1.9.3/byte-buddy-1.9.3.jar:/home/samuel/.m2/repository/net/bytebuddy/byte-buddy-agent/1.9.3/byte-buddy-agent-1.9.3.jar:/home/samuel/.m2/repository/io/github/classgraph/classgraph/4.8.1/classgraph-4.8.1.jar:/home/samuel/.m2/repository/io/arrow-kt/arrow-core/0.8.2/arrow-core-0.8.2.jar:/home/samuel/.m2/repository/io/arrow-kt/arrow-annotations/0.8.2/arrow-annotations-0.8.2.jar:/home/samuel/.m2/repository/io/kindedj/kindedj/1.1.0/kindedj-1.1.0.jar:/home/samuel/.m2/repository/org/junit/platform/junit-platform-engine/1.4.0/junit-platform-engine-1.4.0.jar:/home/samuel/.m2/repository/org/apiguardian/apiguardian-api/1.0.0/apiguardian-api-1.0.0.jar:/home/samuel/.m2/repository/org/opentest4j/opentest4j/1.1.1/opentest4j-1.1.1.jar:/home/samuel/.m2/repository/org/junit/platform/junit-platform-commons/1.4.0/junit-platform-commons-1.4.0.jar:/home/samuel/.m2/repository/org/junit/platform/junit-platform-suite-api/1.4.0/junit-platform-suite-api-1.4.0.jar:/home/samuel/.m2/repository/org/junit/platform/junit-platform-launcher/1.4.0/junit-platform-launcher-1.4.0.jar:"/>
    <property name="sun.cpu.endian" value="little"/>
    <property name="user.home" value="/home/samuel"/>
    <property name="user.language" value="nb"/>
    <property name="java.specification.vendor" value="Oracle Corporation"/>
    <property name="java.version.date" value="2019-04-16"/>
    <property name="java.home" value="/usr/lib/jvm/java-11-openjdk"/>
    <property name="file.separator" value="/"/>
    <property name="basedir" value="/home/samuel/IdeaProjects/date-time-kt/datetimekt"/>
    <property name="java.vm.compressedOopsMode" value="Zero based"/>
    <property name="line.separator" value="&#10;"/>
    <property name="java.specification.name" value="Java Platform API Specification"/>
    <property name="java.vm.specification.vendor" value="Oracle Corporation"/>
    <property name="java.awt.graphicsenv" value="sun.awt.X11GraphicsEnvironment"/>
    <property name="surefire.real.class.path" value="/home/samuel/IdeaProjects/date-time-kt/datetimekt/target/surefire/surefirebooter15624950267503644768.jar"/>
    <property name="sun.management.compiler" value="HotSpot 64-Bit Tiered Compilers"/>
    <property name="java.runtime.version" value="11.0.3+4"/>
    <property name="user.name" value="samuel"/>
    <property name="path.separator" value=":"/>
    <property name="os.version" value="5.1.2-arch1-1-ARCH"/>
    <property name="java.runtime.name" value="OpenJDK Runtime Environment"/>
    <property name="file.encoding" value="UTF-8"/>
    <property name="java.vm.name" value="OpenJDK 64-Bit Server VM"/>
    <property name="localRepository" value="/home/samuel/.m2/repository"/>
    <property name="java.vendor.url.bug" value="http://bugreport.java.com/bugreport/"/>
    <property name="java.io.tmpdir" value="/tmp"/>
    <property name="java.version" value="11.0.3"/>
    <property name="user.dir" value="/home/samuel/IdeaProjects/date-time-kt/datetimekt"/>
    <property name="os.arch" value="amd64"/>
    <property name="java.vm.specification.name" value="Java Virtual Machine Specification"/>
    <property name="java.awt.printerjob" value="sun.print.PSPrinterJob"/>
    <property name="sun.os.patch.level" value="unknown"/>
    <property name="idea.version2019.1" value="true"/>
    <property name="java.library.path" value="/usr/java/packages/lib:/usr/lib64:/lib64:/lib:/usr/lib"/>
    <property name="java.vendor" value="Oracle Corporation"/>
    <property name="java.vm.info" value="mixed mode"/>
    <property name="java.vm.version" value="11.0.3+4"/>
    <property name="sun.io.unicode.encoding" value="UnicodeLittle"/>
    <property name="java.class.version" value="55.0"/>
  </properties>
  <testcase name="times from seconds" classname="TimeTests" time="0.004"/>
  <testcase name="times to seconds" classname="TimeTests" time="0.004"/>
  <testcase name="times to minutes" classname="TimeTests" time="0.004"/>
  <testcase name="times to strings" classname="TimeTests" time="0.005"/>
  <testcase name="time comparisons" classname="TimeTests" time="0.005"/>
  <testcase name="times" classname="TimeTests" time="0.005"/>
</testsuite>